<?xml version="1.0" encoding="UTF-8"?>
<!-- Generated by org.testng.reporters.JUnitReportReporter -->
<testsuite hostname="LAPTOP-2MKHJJ9O" name="com.amazon.qa.TestCases.ItemPageTest" tests="2" failures="0" timestamp="30 Jun 2021 13:29:59 GMT" time="33.106" errors="0">
  <testcase name="loginTest" time="18.940" classname="com.amazon.qa.TestCases.ItemPageTest"/>
  <testcase name="ItemPageTitleTest" time="14.166" classname="com.amazon.qa.TestCases.ItemPageTest"/>
</testsuite> <!-- com.amazon.qa.TestCases.ItemPageTest -->
