<?xml version="1.0" encoding="UTF-8"?>
<!-- Generated by org.testng.reporters.JUnitReportReporter -->
<testsuite hostname="LAPTOP-2MKHJJ9O" name="com.amazon.qa.TestCases.PaymentPageTest" tests="1" failures="0" timestamp="30 Jun 2021 13:29:59 GMT" time="23.906" errors="0">
  <testcase name="AddCreditcardDetails" time="23.906" classname="com.amazon.qa.TestCases.PaymentPageTest"/>
</testsuite> <!-- com.amazon.qa.TestCases.PaymentPageTest -->
