<?xml version="1.0" encoding="UTF-8"?>
<!-- Generated by org.testng.reporters.JUnitReportReporter -->
<testsuite hostname="LAPTOP-2MKHJJ9O" name="com.amazon.qa.TestCases.HomePageTest" tests="1" failures="0" timestamp="30 Jun 2021 13:29:59 GMT" time="11.501" errors="0">
  <testcase name="selectItem" time="11.501" classname="com.amazon.qa.TestCases.HomePageTest"/>
</testsuite> <!-- com.amazon.qa.TestCases.HomePageTest -->
