<?xml version="1.0" encoding="UTF-8"?>
<!-- Generated by org.testng.reporters.JUnitReportReporter -->
<testsuite hostname="LAPTOP-2MKHJJ9O" name="com.amazon.qa.TestCases.LoginPageTest" tests="2" failures="0" timestamp="30 Jun 2021 13:29:59 GMT" time="12.227" errors="0">
  <testcase name="loginTest" time="6.482" classname="com.amazon.qa.TestCases.LoginPageTest"/>
  <testcase name="LoginpageTitleTest" time="5.745" classname="com.amazon.qa.TestCases.LoginPageTest"/>
</testsuite> <!-- com.amazon.qa.TestCases.LoginPageTest -->
